<?xml version="1.0" encoding="UTF-8"?>
<!-- Generated by org.testng.reporters.JUnitReportReporter -->
<testsuite skipped="3" hostname="PG027ZZL" name="com.woodwing.GetBusinessDomain" tests="4" failures="0" timestamp="08 May 2021 11:40:22 GMT" time="2.448" errors="0">
  <testcase name="verify_status_line" time="2.448" classname="com.woodwing.GetBusinessDomain"/>
  <testcase name="extract_single_value" classname="com.woodwing.GetBusinessDomain">
    <skipped/>
  </testcase> <!-- extract_single_value -->
  <testcase name="valid_json_response" classname="com.woodwing.GetBusinessDomain">
    <skipped/>
  </testcase> <!-- valid_json_response -->
  <testcase name="extract_response_data" classname="com.woodwing.GetBusinessDomain">
    <skipped/>
  </testcase> <!-- extract_response_data -->
</testsuite> <!-- com.woodwing.GetBusinessDomain -->
